2023-10-08 10:50:24.702 [main] INFO  testcases.VerifyProductsAreDisplayedOnTheHomePage - ----- Verifying the product is displayed on homepage or not -----
2023-10-08 10:50:24.845 [main] INFO  testcases.VerifyProductsAreDisplayedOnTheHomePage - Brocolli image is visible.
2023-10-08 10:50:24.845 [main] INFO  testcases.VerifyProductsAreDisplayedOnTheHomePage - ----- Verifying the brocolli image  is displayed visible -----
2023-10-08 10:50:24.854 [main] INFO  BasePackage.BasePage - Test case got passed
2023-10-08 10:50:24.855 [main] INFO  BasePackage.BasePage - __________________________________________________________________________________
2023-10-08 10:50:29.955 [main] INFO  testcases.VerifySearchFuntioanlityOnHomePage - -----(FailedTestcase) Verifying the search functionality -----
2023-10-08 10:50:29.962 [main] INFO  testcases.VerifySearchFuntioanlityOnHomePage - ----- Giving data to the searchbox for searching -----
2023-10-08 10:50:45.499 [main] INFO  testcases.VerifySearchFuntioanlityOnHomePage - ----- Verifying the search functionality -----
2023-10-08 10:50:45.499 [main] INFO  testcases.VerifySearchFuntioanlityOnHomePage - ----- Giving data to the searchbox for searching -----
2023-10-08 10:50:46.708 [main] INFO  testcases.VerifySearchFuntioanlityOnHomePage - ----- Verifying that the name appers while searching the product is same or not -----
2023-10-08 10:50:46.708 [main] INFO  BasePackage.BasePage - Test case got passed
2023-10-08 10:50:46.708 [main] INFO  BasePackage.BasePage - __________________________________________________________________________________
2023-10-08 10:50:51.465 [main] INFO  testcases.VerifyProductImagePriceAndAddToCartButtonAreDisplayedForEachProduct - ----- Verifying the product image and Add to cart button is displayed or not -----
2023-10-08 10:50:51.465 [main] INFO  testcases.VerifyProductImagePriceAndAddToCartButtonAreDisplayedForEachProduct - ----- Strong the web element of productImage productTitile and buttons in list -----
2023-10-08 10:50:52.097 [main] INFO  testcases.VerifyProductImagePriceAndAddToCartButtonAreDisplayedForEachProduct - ----- Asserting the size of the list of productImage and productTitle -----
2023-10-08 10:50:52.097 [main] INFO  testcases.VerifyProductImagePriceAndAddToCartButtonAreDisplayedForEachProduct - ----- Asserting the size of the list of productImage and buttons -----
2023-10-08 10:50:52.097 [main] INFO  testcases.VerifyProductImagePriceAndAddToCartButtonAreDisplayedForEachProduct - ----- Verifying that the productImage , productTitle, buttons are displayed or not -----
2023-10-08 10:50:52.138 [main] INFO  testcases.VerifyProductImagePriceAndAddToCartButtonAreDisplayedForEachProduct - ----- Verifying that the productImage , productTitle, buttons are displayed or not -----
2023-10-08 10:50:52.169 [main] INFO  testcases.VerifyProductImagePriceAndAddToCartButtonAreDisplayedForEachProduct - ----- Verifying that the productImage , productTitle, buttons are displayed or not -----
2023-10-08 10:50:52.202 [main] INFO  testcases.VerifyProductImagePriceAndAddToCartButtonAreDisplayedForEachProduct - ----- Verifying that the productImage , productTitle, buttons are displayed or not -----
2023-10-08 10:50:52.236 [main] INFO  testcases.VerifyProductImagePriceAndAddToCartButtonAreDisplayedForEachProduct - ----- Verifying that the productImage , productTitle, buttons are displayed or not -----
2023-10-08 10:50:52.287 [main] INFO  testcases.VerifyProductImagePriceAndAddToCartButtonAreDisplayedForEachProduct - ----- Verifying that the productImage , productTitle, buttons are displayed or not -----
2023-10-08 10:50:52.336 [main] INFO  testcases.VerifyProductImagePriceAndAddToCartButtonAreDisplayedForEachProduct - ----- Verifying that the productImage , productTitle, buttons are displayed or not -----
2023-10-08 10:50:52.369 [main] INFO  testcases.VerifyProductImagePriceAndAddToCartButtonAreDisplayedForEachProduct - ----- Verifying that the productImage , productTitle, buttons are displayed or not -----
2023-10-08 10:50:52.420 [main] INFO  testcases.VerifyProductImagePriceAndAddToCartButtonAreDisplayedForEachProduct - ----- Verifying that the productImage , productTitle, buttons are displayed or not -----
2023-10-08 10:50:52.470 [main] INFO  testcases.VerifyProductImagePriceAndAddToCartButtonAreDisplayedForEachProduct - ----- Verifying that the productImage , productTitle, buttons are displayed or not -----
2023-10-08 10:50:52.518 [main] INFO  BasePackage.BasePage - Test case got passed
2023-10-08 10:50:52.518 [main] INFO  BasePackage.BasePage - __________________________________________________________________________________
2023-10-08 10:50:56.856 [main] INFO  testcases.VerifyAddToCartFuntionality - ----- Checking the total of selected item price -----
2023-10-08 10:50:57.800 [main] INFO  testcases.VerifyAddToCartFuntionality - ----- Verifying the total of selected item price -----
2023-10-08 10:50:57.803 [main] INFO  testcases.VerifyAddToCartFuntionality - ----- Verifying the total of selected item selected -----
2023-10-08 10:50:57.831 [main] INFO  BasePackage.BasePage - Test case got passed
2023-10-08 10:50:57.831 [main] INFO  BasePackage.BasePage - __________________________________________________________________________________
2023-10-08 10:51:01.764 [main] INFO  testcases.VerifyProductDetailsInMiniBasket - ----- Verifying the product present in Mini Basket-----
2023-10-08 10:51:02.463 [main] INFO  testcases.VerifyProductDetailsInMiniBasket - ----- Matching the cucumber present in cart with the homepage name -----
2023-10-08 10:51:02.622 [main] INFO  testcases.VerifyProductDetailsInMiniBasket - ----- Matching the beetroot present in cart with the homepage name -----
2023-10-08 10:51:02.663 [main] INFO  BasePackage.BasePage - Test case got passed
2023-10-08 10:51:02.663 [main] INFO  BasePackage.BasePage - __________________________________________________________________________________
2023-10-08 10:51:07.596 [main] INFO  testcases.VerifyProductDetailsInCheckoutPage - ----- Verifying the product present in checkout Page -----
2023-10-08 10:51:08.937 [main] INFO  testcases.VerifyProductDetailsInCheckoutPage - ----- Matching the cucumber present in cart with the homepage name -----
2023-10-08 10:51:09.576 [main] INFO  testcases.VerifyProductDetailsInCheckoutPage - ----- Matching the product Beetroot present in cart ans checking is it is present in checkout page or not -----
2023-10-08 10:51:09.701 [main] INFO  BasePackage.BasePage - Test case got passed
2023-10-08 10:51:09.702 [main] INFO  BasePackage.BasePage - __________________________________________________________________________________
2023-10-08 10:51:14.750 [main] INFO  testcases.VerifyOrderCannotBePlacedWithoutSelectingTermsAndConditions - ----- This testcase will failed because we are not clicking the checkbox and proceed for checkout -----
2023-10-08 10:51:17.167 [main] INFO  testcases.VerifyOrderCannotBePlacedWithoutSelectingTermsAndConditions - ----- Asserting that checkbox is selected or not -----
2023-10-08 10:51:17.345 [main] INFO  testcases.VerifyOrderCannotBePlacedWithoutSelectingTermsAndConditions - ----- Verifying that message when order is not placed -----
2023-10-08 10:51:17.346 [main] INFO  BasePackage.BasePage - Test case got passed
2023-10-08 10:51:17.347 [main] INFO  BasePackage.BasePage - __________________________________________________________________________________
2023-10-08 10:51:21.891 [main] INFO  testcases.VerifyOrderCannotBePlacedWithoutSelectingTermsAndConditions - ----- Verifying the TermsAndCondition is selected or not -----
2023-10-08 10:51:24.651 [main] INFO  testcases.VerifyOrderCannotBePlacedWithoutSelectingTermsAndConditions - ----- is checkbox is selected -----
2023-10-08 10:51:24.792 [main] INFO  BasePackage.BasePage - Test case got passed
2023-10-08 10:51:24.792 [main] INFO  BasePackage.BasePage - __________________________________________________________________________________
2023-10-08 10:51:29.055 [main] INFO  testcases.VerifySingleItemOrderType - ----- navigating to terms and condition page -----
2023-10-08 10:51:44.688 [main] INFO  testcases.VerifySingleItemOrderType - ----- Ordering single item -----
2023-10-08 10:51:45.209 [main] INFO  testcases.VerifySingleItemOrderType - ----- verifying the price of product with price of cart -----
2023-10-08 10:51:46.724 [main] INFO  testcases.VerifySingleItemOrderType - ----- Verifying that message when order is placed -----
2023-10-08 10:51:46.724 [main] INFO  BasePackage.BasePage - Test case got passed
2023-10-08 10:51:46.724 [main] INFO  BasePackage.BasePage - __________________________________________________________________________________
2023-10-08 10:51:50.459 [main] INFO  testcases.VerifySingleItemOrderType - ----- Ordering single item -----
2023-10-08 10:51:52.239 [main] INFO  testcases.VerifySingleItemOrderType - ----- Verifying that message when order is placed -----
2023-10-08 10:51:52.239 [main] INFO  BasePackage.BasePage - Test case got passed
2023-10-08 10:51:52.239 [main] INFO  BasePackage.BasePage - __________________________________________________________________________________
2023-10-08 10:51:56.194 [main] INFO  testcases.VerifyMultipleItemOrderType - ----- Verifying Multiple item Order -----
2023-10-08 10:51:58.072 [main] INFO  testcases.VerifyMultipleItemOrderType - ----- Verifying that message when order is placed -----
2023-10-08 10:51:58.072 [main] INFO  BasePackage.BasePage - Test case got passed
2023-10-08 10:51:58.072 [main] INFO  BasePackage.BasePage - __________________________________________________________________________________
2023-10-08 10:52:02.027 [main] INFO  testcases.VerifyMultipleItemOrderType - ----- Verifying Multiple item Order with multiple quantity -----
2023-10-08 10:52:04.487 [main] INFO  testcases.VerifyMultipleItemOrderType - ----- Verifying that message when order is placed -----
2023-10-08 10:52:04.487 [main] INFO  BasePackage.BasePage - Test case got passed
2023-10-08 10:52:04.504 [main] INFO  BasePackage.BasePage - __________________________________________________________________________________
